#
# There is insufficient memory for the Java Runtime Environment to continue.
# Native memory allocation (malloc) failed to allocate 32744 bytes for Chunk::new
# Possible reasons:
#   The system is out of physical RAM or swap space
#   The process is running with CompressedOops enabled, and the Java Heap may be blocking the growth of the native heap
# Possible solutions:
#   Reduce memory load on the system
#   Increase physical memory or swap space
#   Check if swap backing store is full
#   Decrease Java heap size (-Xmx/-Xms)
#   Decrease number of Java threads
#   Decrease Java thread stack sizes (-Xss)
#   Set larger code cache with -XX:ReservedCodeCacheSize=
#   JVM is running with Zero Based Compressed Oops mode in which the Java heap is
#     placed in the first 32GB address space. The Java Heap base address is the
#     maximum limit for the native heap growth. Please use -XX:HeapBaseMinAddress
#     to set the Java Heap base and to place the Java Heap above 32GB virtual address.
# This output file may be truncated or incomplete.
#
#  Out of Memory Error (arena.cpp:168), pid=18536, tid=24072
#
# JRE version: OpenJDK Runtime Environment (21.0.2+13) (build 21.0.2+13-58)
# Java VM: OpenJDK 64-Bit Server VM (21.0.2+13-58, mixed mode, emulated-client, sharing, tiered, compressed oops, compressed class ptrs, g1 gc, windows-amd64)
# No core dump will be written. Minidumps are not enabled by default on client versions of Windows
#

---------------  S U M M A R Y ------------

Command Line: -XX:TieredStopAtLevel=1 -Xverify:none -Dspring.output.ansi.enabled=always -javaagent:C:\Program Files\JetBrains\IntelliJ IDEA 2021.1.3\lib\idea_rt.jar=51630:C:\Program Files\JetBrains\IntelliJ IDEA 2021.1.3\bin -Dcom.sun.management.jmxremote -Dspring.jmx.enabled=true -Dspring.liveBeansView.mbeanDomain -Dspring.application.admin.enabled=true -Dfile.encoding=UTF-8 com.qlktx.qlktx.QlktxApplication

Host: Intel(R) Core(TM) i5-8350U CPU @ 1.70GHz, 8 cores, 15G,  Windows 10 , 64 bit Build 19041 (10.0.19041.3636)
Time: Thu May 23 09:29:57 2024 SE Asia Standard Time elapsed time: 2.345508 seconds (0d 0h 0m 2s)

---------------  T H R E A D  ---------------

Current thread (0x000001927ee3e980):  JavaThread "C1 CompilerThread0" daemon [_thread_in_native, id=24072, stack(0x000000786b300000,0x000000786b400000) (1024K)]


Current CompileTask:
C1:   2345  832       1       jdk.internal.util.xml.impl.Parser::step (891 bytes)

Stack: [0x000000786b300000,0x000000786b400000]
Native frames: (J=compiled Java code, j=interpreted, Vv=VM code, C=native code)
V  [jvm.dll+0x6cade9]
V  [jvm.dll+0x8569c1]
V  [jvm.dll+0x858d2e]
V  [jvm.dll+0x859413]
V  [jvm.dll+0x280e56]
V  [jvm.dll+0xc3f3d]
V  [jvm.dll+0xc4473]
V  [jvm.dll+0x26a728]
V  [jvm.dll+0x6b7035]
V  [jvm.dll+0x19ac4e]
V  [jvm.dll+0x1988dd]
V  [jvm.dll+0x198c8a]
V  [jvm.dll+0x19b1de]
V  [jvm.dll+0x154953]
V  [jvm.dll+0x154208]
V  [jvm.dll+0x154444]
V  [jvm.dll+0x153886]
V  [jvm.dll+0x1555ed]
V  [jvm.dll+0x258859]
V  [jvm.dll+0x256e3a]
V  [jvm.dll+0x3ef6c6]
V  [jvm.dll+0x7ff568]
V  [jvm.dll+0x6c953d]
C  [ucrtbase.dll+0x21bb2]
C  [KERNEL32.DLL+0x17344]
C  [ntdll.dll+0x526b1]


---------------  P R O C E S S  ---------------

Threads class SMR info:
_java_thread_list=0x000001924932e930, length=14, elements={
0x000001926fdfa240, 0x000001927ee2dca0, 0x000001927ee2fbd0, 0x000001927ee30af0,
0x000001927ee34a50, 0x000001927ee354b0, 0x000001927ee35f10, 0x000001927ee3e980,
0x00000192491e3430, 0x00000192491e9ac0, 0x00000192494f67c0, 0x00000192494f6e70,
0x000001924971a2c0, 0x000001924971a930
}

Java Threads: ( => current thread )
  0x000001926fdfa240 JavaThread "main"                              [_thread_in_Java, id=18928, stack(0x000000786a500000,0x000000786a600000) (1024K)]
  0x000001927ee2dca0 JavaThread "Reference Handler"          daemon [_thread_blocked, id=10784, stack(0x000000786ad00000,0x000000786ae00000) (1024K)]
  0x000001927ee2fbd0 JavaThread "Finalizer"                  daemon [_thread_blocked, id=7904, stack(0x000000786ae00000,0x000000786af00000) (1024K)]
  0x000001927ee30af0 JavaThread "Signal Dispatcher"          daemon [_thread_blocked, id=26752, stack(0x000000786af00000,0x000000786b000000) (1024K)]
  0x000001927ee34a50 JavaThread "Attach Listener"            daemon [_thread_blocked, id=10564, stack(0x000000786b000000,0x000000786b100000) (1024K)]
  0x000001927ee354b0 JavaThread "Service Thread"             daemon [_thread_blocked, id=7292, stack(0x000000786b100000,0x000000786b200000) (1024K)]
  0x000001927ee35f10 JavaThread "Monitor Deflation Thread"   daemon [_thread_blocked, id=21288, stack(0x000000786b200000,0x000000786b300000) (1024K)]
=>0x000001927ee3e980 JavaThread "C1 CompilerThread0"         daemon [_thread_in_native, id=24072, stack(0x000000786b300000,0x000000786b400000) (1024K)]
  0x00000192491e3430 JavaThread "Common-Cleaner"             daemon [_thread_blocked, id=22756, stack(0x000000786b400000,0x000000786b500000) (1024K)]
  0x00000192491e9ac0 JavaThread "C1 CompilerThread1"         daemon [_thread_blocked, id=27060, stack(0x000000786b500000,0x000000786b600000) (1024K)]
  0x00000192494f67c0 JavaThread "C1 CompilerThread2"         daemon [_thread_blocked, id=9256, stack(0x000000786b600000,0x000000786b700000) (1024K)]
  0x00000192494f6e70 JavaThread "C1 CompilerThread3"         daemon [_thread_blocked, id=12240, stack(0x000000786b700000,0x000000786b800000) (1024K)]
  0x000001924971a2c0 JavaThread "Monitor Ctrl-Break"         daemon [_thread_in_native, id=21968, stack(0x000000786b900000,0x000000786ba00000) (1024K)]
  0x000001924971a930 JavaThread "Notification Thread"        daemon [_thread_blocked, id=11068, stack(0x000000786b800000,0x000000786b900000) (1024K)]
Total: 14

Other Threads:
  0x000001927ee0ecb0 VMThread "VM Thread"                           [id=16552, stack(0x000000786ac00000,0x000000786ad00000) (1024K)]
  0x000001927edf5f70 WatcherThread "VM Periodic Task Thread"        [id=5088, stack(0x000000786ab00000,0x000000786ac00000) (1024K)]
  0x000001926fe630e0 WorkerThread "GC Thread#0"                     [id=15820, stack(0x000000786a600000,0x000000786a700000) (1024K)]
  0x000001926fe73de0 ConcurrentGCThread "G1 Main Marker"            [id=988, stack(0x000000786a700000,0x000000786a800000) (1024K)]
  0x000001926fe747f0 WorkerThread "G1 Conc#0"                       [id=9784, stack(0x000000786a800000,0x000000786a900000) (1024K)]
  0x000001926febe990 ConcurrentGCThread "G1 Refine#0"               [id=14120, stack(0x000000786a900000,0x000000786aa00000) (1024K)]
  0x000001927ecbba80 ConcurrentGCThread "G1 Service"                [id=13576, stack(0x000000786aa00000,0x000000786ab00000) (1024K)]
Total: 7

Threads with active compile tasks:
C1 CompilerThread0     2389  832       1       jdk.internal.util.xml.impl.Parser::step (891 bytes)
Total: 1

VM state: not at safepoint (normal execution)

VM Mutex/Monitor currently owned by a thread: None

Heap address: 0x0000000701e00000, size: 4066 MB, Compressed Oops mode: Zero based, Oop shift amount: 3

CDS archive(s) mapped at: [0x0000019204000000-0x0000019204c90000-0x0000019204c90000), size 13172736, SharedBaseAddress: 0x0000019204000000, ArchiveRelocationMode: 1.
Compressed class space mapped at: 0x0000019205000000-0x0000019245000000, reserved size: 1073741824
Narrow klass base: 0x0000019204000000, Narrow klass shift: 0, Narrow klass range: 0x100000000

GC Precious Log:
 CardTable entry size: 512
 Card Set container configuration: InlinePtr #cards 4 size 8 Array Of Cards #cards 16 size 48 Howl #buckets 8 coarsen threshold 3686 Howl Bitmap #cards 512 size 80 coarsen threshold 460 Card regions per heap region 1 cards per card region 4096
 CPUs: 8 total, 8 available
 Memory: 16258M
 Large Page Support: Disabled
 NUMA Support: Disabled
 Compressed Oops: Enabled (Zero based)
 Heap Region Size: 2M
 Heap Min Capacity: 8M
 Heap Initial Capacity: 256M
 Heap Max Capacity: 4066M
 Pre-touch: Disabled
 Parallel Workers: 8
 Concurrent Workers: 2
 Concurrent Refinement Workers: 8
 Periodic GC: Disabled

Heap:
 garbage-first heap   total 262144K, used 12288K [0x0000000701e00000, 0x0000000800000000)
  region size 2048K, 8 young (16384K), 0 survivors (0K)
 Metaspace       used 3549K, committed 3712K, reserved 1114112K
  class space    used 400K, committed 448K, reserved 1048576K

Heap Regions: E=young(eden), S=young(survivor), O=old, HS=humongous(starts), HC=humongous(continues), CS=collection set, F=free, TAMS=top-at-mark-start, PB=parsable bottom
|   0|0x0000000701e00000, 0x0000000701e00000, 0x0000000702000000|  0%| F|  |TAMS 0x0000000701e00000| PB 0x0000000701e00000| Untracked 
|   1|0x0000000702000000, 0x0000000702000000, 0x0000000702200000|  0%| F|  |TAMS 0x0000000702000000| PB 0x0000000702000000| Untracked 
|   2|0x0000000702200000, 0x0000000702200000, 0x0000000702400000|  0%| F|  |TAMS 0x0000000702200000| PB 0x0000000702200000| Untracked 
|   3|0x0000000702400000, 0x0000000702400000, 0x0000000702600000|  0%| F|  |TAMS 0x0000000702400000| PB 0x0000000702400000| Untracked 
|   4|0x0000000702600000, 0x0000000702600000, 0x0000000702800000|  0%| F|  |TAMS 0x0000000702600000| PB 0x0000000702600000| Untracked 
|   5|0x0000000702800000, 0x0000000702800000, 0x0000000702a00000|  0%| F|  |TAMS 0x0000000702800000| PB 0x0000000702800000| Untracked 
|   6|0x0000000702a00000, 0x0000000702a00000, 0x0000000702c00000|  0%| F|  |TAMS 0x0000000702a00000| PB 0x0000000702a00000| Untracked 
|   7|0x0000000702c00000, 0x0000000702c00000, 0x0000000702e00000|  0%| F|  |TAMS 0x0000000702c00000| PB 0x0000000702c00000| Untracked 
|   8|0x0000000702e00000, 0x0000000702e00000, 0x0000000703000000|  0%| F|  |TAMS 0x0000000702e00000| PB 0x0000000702e00000| Untracked 
|   9|0x0000000703000000, 0x0000000703000000, 0x0000000703200000|  0%| F|  |TAMS 0x0000000703000000| PB 0x0000000703000000| Untracked 
|  10|0x0000000703200000, 0x0000000703200000, 0x0000000703400000|  0%| F|  |TAMS 0x0000000703200000| PB 0x0000000703200000| Untracked 
|  11|0x0000000703400000, 0x0000000703400000, 0x0000000703600000|  0%| F|  |TAMS 0x0000000703400000| PB 0x0000000703400000| Untracked 
|  12|0x0000000703600000, 0x0000000703600000, 0x0000000703800000|  0%| F|  |TAMS 0x0000000703600000| PB 0x0000000703600000| Untracked 
|  13|0x0000000703800000, 0x0000000703800000, 0x0000000703a00000|  0%| F|  |TAMS 0x0000000703800000| PB 0x0000000703800000| Untracked 
|  14|0x0000000703a00000, 0x0000000703a00000, 0x0000000703c00000|  0%| F|  |TAMS 0x0000000703a00000| PB 0x0000000703a00000| Untracked 
|  15|0x0000000703c00000, 0x0000000703c00000, 0x0000000703e00000|  0%| F|  |TAMS 0x0000000703c00000| PB 0x0000000703c00000| Untracked 
|  16|0x0000000703e00000, 0x0000000703e00000, 0x0000000704000000|  0%| F|  |TAMS 0x0000000703e00000| PB 0x0000000703e00000| Untracked 
|  17|0x0000000704000000, 0x0000000704000000, 0x0000000704200000|  0%| F|  |TAMS 0x0000000704000000| PB 0x0000000704000000| Untracked 
|  18|0x0000000704200000, 0x0000000704200000, 0x0000000704400000|  0%| F|  |TAMS 0x0000000704200000| PB 0x0000000704200000| Untracked 
|  19|0x0000000704400000, 0x0000000704400000, 0x0000000704600000|  0%| F|  |TAMS 0x0000000704400000| PB 0x0000000704400000| Untracked 
|  20|0x0000000704600000, 0x0000000704600000, 0x0000000704800000|  0%| F|  |TAMS 0x0000000704600000| PB 0x0000000704600000| Untracked 
|  21|0x0000000704800000, 0x0000000704800000, 0x0000000704a00000|  0%| F|  |TAMS 0x0000000704800000| PB 0x0000000704800000| Untracked 
|  22|0x0000000704a00000, 0x0000000704a00000, 0x0000000704c00000|  0%| F|  |TAMS 0x0000000704a00000| PB 0x0000000704a00000| Untracked 
|  23|0x0000000704c00000, 0x0000000704c00000, 0x0000000704e00000|  0%| F|  |TAMS 0x0000000704c00000| PB 0x0000000704c00000| Untracked 
|  24|0x0000000704e00000, 0x0000000704e00000, 0x0000000705000000|  0%| F|  |TAMS 0x0000000704e00000| PB 0x0000000704e00000| Untracked 
|  25|0x0000000705000000, 0x0000000705000000, 0x0000000705200000|  0%| F|  |TAMS 0x0000000705000000| PB 0x0000000705000000| Untracked 
|  26|0x0000000705200000, 0x0000000705200000, 0x0000000705400000|  0%| F|  |TAMS 0x0000000705200000| PB 0x0000000705200000| Untracked 
|  27|0x0000000705400000, 0x0000000705400000, 0x0000000705600000|  0%| F|  |TAMS 0x0000000705400000| PB 0x0000000705400000| Untracked 
|  28|0x0000000705600000, 0x0000000705600000, 0x0000000705800000|  0%| F|  |TAMS 0x0000000705600000| PB 0x0000000705600000| Untracked 
|  29|0x0000000705800000, 0x0000000705800000, 0x0000000705a00000|  0%| F|  |TAMS 0x0000000705800000| PB 0x0000000705800000| Untracked 
|  30|0x0000000705a00000, 0x0000000705a00000, 0x0000000705c00000|  0%| F|  |TAMS 0x0000000705a00000| PB 0x0000000705a00000| Untracked 
|  31|0x0000000705c00000, 0x0000000705c00000, 0x0000000705e00000|  0%| F|  |TAMS 0x0000000705c00000| PB 0x0000000705c00000| Untracked 
|  32|0x0000000705e00000, 0x0000000705e00000, 0x0000000706000000|  0%| F|  |TAMS 0x0000000705e00000| PB 0x0000000705e00000| Untracked 
|  33|0x0000000706000000, 0x0000000706000000, 0x0000000706200000|  0%| F|  |TAMS 0x0000000706000000| PB 0x0000000706000000| Untracked 
|  34|0x0000000706200000, 0x0000000706200000, 0x0000000706400000|  0%| F|  |TAMS 0x0000000706200000| PB 0x0000000706200000| Untracked 
|  35|0x0000000706400000, 0x0000000706400000, 0x0000000706600000|  0%| F|  |TAMS 0x0000000706400000| PB 0x0000000706400000| Untracked 
|  36|0x0000000706600000, 0x0000000706600000, 0x0000000706800000|  0%| F|  |TAMS 0x0000000706600000| PB 0x0000000706600000| Untracked 
|  37|0x0000000706800000, 0x0000000706800000, 0x0000000706a00000|  0%| F|  |TAMS 0x0000000706800000| PB 0x0000000706800000| Untracked 
|  38|0x0000000706a00000, 0x0000000706a00000, 0x0000000706c00000|  0%| F|  |TAMS 0x0000000706a00000| PB 0x0000000706a00000| Untracked 
|  39|0x0000000706c00000, 0x0000000706c00000, 0x0000000706e00000|  0%| F|  |TAMS 0x0000000706c00000| PB 0x0000000706c00000| Untracked 
|  40|0x0000000706e00000, 0x0000000706e00000, 0x0000000707000000|  0%| F|  |TAMS 0x0000000706e00000| PB 0x0000000706e00000| Untracked 
|  41|0x0000000707000000, 0x0000000707000000, 0x0000000707200000|  0%| F|  |TAMS 0x0000000707000000| PB 0x0000000707000000| Untracked 
|  42|0x0000000707200000, 0x0000000707200000, 0x0000000707400000|  0%| F|  |TAMS 0x0000000707200000| PB 0x0000000707200000| Untracked 
|  43|0x0000000707400000, 0x0000000707400000, 0x0000000707600000|  0%| F|  |TAMS 0x0000000707400000| PB 0x0000000707400000| Untracked 
|  44|0x0000000707600000, 0x0000000707600000, 0x0000000707800000|  0%| F|  |TAMS 0x0000000707600000| PB 0x0000000707600000| Untracked 
|  45|0x0000000707800000, 0x0000000707800000, 0x0000000707a00000|  0%| F|  |TAMS 0x0000000707800000| PB 0x0000000707800000| Untracked 
|  46|0x0000000707a00000, 0x0000000707a00000, 0x0000000707c00000|  0%| F|  |TAMS 0x0000000707a00000| PB 0x0000000707a00000| Untracked 
|  47|0x0000000707c00000, 0x0000000707c00000, 0x0000000707e00000|  0%| F|  |TAMS 0x0000000707c00000| PB 0x0000000707c00000| Untracked 
|  48|0x0000000707e00000, 0x0000000707e00000, 0x0000000708000000|  0%| F|  |TAMS 0x0000000707e00000| PB 0x0000000707e00000| Untracked 
|  49|0x0000000708000000, 0x0000000708000000, 0x0000000708200000|  0%| F|  |TAMS 0x0000000708000000| PB 0x0000000708000000| Untracked 
|  50|0x0000000708200000, 0x0000000708200000, 0x0000000708400000|  0%| F|  |TAMS 0x0000000708200000| PB 0x0000000708200000| Untracked 
|  51|0x0000000708400000, 0x0000000708400000, 0x0000000708600000|  0%| F|  |TAMS 0x0000000708400000| PB 0x0000000708400000| Untracked 
|  52|0x0000000708600000, 0x0000000708600000, 0x0000000708800000|  0%| F|  |TAMS 0x0000000708600000| PB 0x0000000708600000| Untracked 
|  53|0x0000000708800000, 0x0000000708800000, 0x0000000708a00000|  0%| F|  |TAMS 0x0000000708800000| PB 0x0000000708800000| Untracked 
|  54|0x0000000708a00000, 0x0000000708a00000, 0x0000000708c00000|  0%| F|  |TAMS 0x0000000708a00000| PB 0x0000000708a00000| Untracked 
|  55|0x0000000708c00000, 0x0000000708c00000, 0x0000000708e00000|  0%| F|  |TAMS 0x0000000708c00000| PB 0x0000000708c00000| Untracked 
|  56|0x0000000708e00000, 0x0000000708e00000, 0x0000000709000000|  0%| F|  |TAMS 0x0000000708e00000| PB 0x0000000708e00000| Untracked 
|  57|0x0000000709000000, 0x0000000709000000, 0x0000000709200000|  0%| F|  |TAMS 0x0000000709000000| PB 0x0000000709000000| Untracked 
|  58|0x0000000709200000, 0x0000000709200000, 0x0000000709400000|  0%| F|  |TAMS 0x0000000709200000| PB 0x0000000709200000| Untracked 
|  59|0x0000000709400000, 0x0000000709400000, 0x0000000709600000|  0%| F|  |TAMS 0x0000000709400000| PB 0x0000000709400000| Untracked 
|  60|0x0000000709600000, 0x0000000709600000, 0x0000000709800000|  0%| F|  |TAMS 0x0000000709600000| PB 0x0000000709600000| Untracked 
|  61|0x0000000709800000, 0x0000000709800000, 0x0000000709a00000|  0%| F|  |TAMS 0x0000000709800000| PB 0x0000000709800000| Untracked 
|  62|0x0000000709a00000, 0x0000000709a00000, 0x0000000709c00000|  0%| F|  |TAMS 0x0000000709a00000| PB 0x0000000709a00000| Untracked 
|  63|0x0000000709c00000, 0x0000000709c00000, 0x0000000709e00000|  0%| F|  |TAMS 0x0000000709c00000| PB 0x0000000709c00000| Untracked 
|  64|0x0000000709e00000, 0x0000000709e00000, 0x000000070a000000|  0%| F|  |TAMS 0x0000000709e00000| PB 0x0000000709e00000| Untracked 
|  65|0x000000070a000000, 0x000000070a000000, 0x000000070a200000|  0%| F|  |TAMS 0x000000070a000000| PB 0x000000070a000000| Untracked 
|  66|0x000000070a200000, 0x000000070a200000, 0x000000070a400000|  0%| F|  |TAMS 0x000000070a200000| PB 0x000000070a200000| Untracked 
|  67|0x000000070a400000, 0x000000070a400000, 0x000000070a600000|  0%| F|  |TAMS 0x000000070a400000| PB 0x000000070a400000| Untracked 
|  68|0x000000070a600000, 0x000000070a600000, 0x000000070a800000|  0%| F|  |TAMS 0x000000070a600000| PB 0x000000070a600000| Untracked 
|  69|0x000000070a800000, 0x000000070a800000, 0x000000070aa00000|  0%| F|  |TAMS 0x000000070a800000| PB 0x000000070a800000| Untracked 
|  70|0x000000070aa00000, 0x000000070aa00000, 0x000000070ac00000|  0%| F|  |TAMS 0x000000070aa00000| PB 0x000000070aa00000| Untracked 
|  71|0x000000070ac00000, 0x000000070ac00000, 0x000000070ae00000|  0%| F|  |TAMS 0x000000070ac00000| PB 0x000000070ac00000| Untracked 
|  72|0x000000070ae00000, 0x000000070ae00000, 0x000000070b000000|  0%| F|  |TAMS 0x000000070ae00000| PB 0x000000070ae00000| Untracked 
|  73|0x000000070b000000, 0x000000070b000000, 0x000000070b200000|  0%| F|  |TAMS 0x000000070b000000| PB 0x000000070b000000| Untracked 
|  74|0x000000070b200000, 0x000000070b200000, 0x000000070b400000|  0%| F|  |TAMS 0x000000070b200000| PB 0x000000070b200000| Untracked 
|  75|0x000000070b400000, 0x000000070b400000, 0x000000070b600000|  0%| F|  |TAMS 0x000000070b400000| PB 0x000000070b400000| Untracked 
|  76|0x000000070b600000, 0x000000070b600000, 0x000000070b800000|  0%| F|  |TAMS 0x000000070b600000| PB 0x000000070b600000| Untracked 
|  77|0x000000070b800000, 0x000000070b800000, 0x000000070ba00000|  0%| F|  |TAMS 0x000000070b800000| PB 0x000000070b800000| Untracked 
|  78|0x000000070ba00000, 0x000000070ba00000, 0x000000070bc00000|  0%| F|  |TAMS 0x000000070ba00000| PB 0x000000070ba00000| Untracked 
|  79|0x000000070bc00000, 0x000000070bc00000, 0x000000070be00000|  0%| F|  |TAMS 0x000000070bc00000| PB 0x000000070bc00000| Untracked 
|  80|0x000000070be00000, 0x000000070be00000, 0x000000070c000000|  0%| F|  |TAMS 0x000000070be00000| PB 0x000000070be00000| Untracked 
|  81|0x000000070c000000, 0x000000070c000000, 0x000000070c200000|  0%| F|  |TAMS 0x000000070c000000| PB 0x000000070c000000| Untracked 
|  82|0x000000070c200000, 0x000000070c200000, 0x000000070c400000|  0%| F|  |TAMS 0x000000070c200000| PB 0x000000070c200000| Untracked 
|  83|0x000000070c400000, 0x000000070c400000, 0x000000070c600000|  0%| F|  |TAMS 0x000000070c400000| PB 0x000000070c400000| Untracked 
|  84|0x000000070c600000, 0x000000070c600000, 0x000000070c800000|  0%| F|  |TAMS 0x000000070c600000| PB 0x000000070c600000| Untracked 
|  85|0x000000070c800000, 0x000000070c800000, 0x000000070ca00000|  0%| F|  |TAMS 0x000000070c800000| PB 0x000000070c800000| Untracked 
|  86|0x000000070ca00000, 0x000000070ca00000, 0x000000070cc00000|  0%| F|  |TAMS 0x000000070ca00000| PB 0x000000070ca00000| Untracked 
|  87|0x000000070cc00000, 0x000000070cc00000, 0x000000070ce00000|  0%| F|  |TAMS 0x000000070cc00000| PB 0x000000070cc00000| Untracked 
|  88|0x000000070ce00000, 0x000000070ce00000, 0x000000070d000000|  0%| F|  |TAMS 0x000000070ce00000| PB 0x000000070ce00000| Untracked 
|  89|0x000000070d000000, 0x000000070d000000, 0x000000070d200000|  0%| F|  |TAMS 0x000000070d000000| PB 0x000000070d000000| Untracked 
|  90|0x000000070d200000, 0x000000070d200000, 0x000000070d400000|  0%| F|  |TAMS 0x000000070d200000| PB 0x000000070d200000| Untracked 
|  91|0x000000070d400000, 0x000000070d400000, 0x000000070d600000|  0%| F|  |TAMS 0x000000070d400000| PB 0x000000070d400000| Untracked 
|  92|0x000000070d600000, 0x000000070d600000, 0x000000070d800000|  0%| F|  |TAMS 0x000000070d600000| PB 0x000000070d600000| Untracked 
|  93|0x000000070d800000, 0x000000070d800000, 0x000000070da00000|  0%| F|  |TAMS 0x000000070d800000| PB 0x000000070d800000| Untracked 
|  94|0x000000070da00000, 0x000000070da00000, 0x000000070dc00000|  0%| F|  |TAMS 0x000000070da00000| PB 0x000000070da00000| Untracked 
|  95|0x000000070dc00000, 0x000000070dc00000, 0x000000070de00000|  0%| F|  |TAMS 0x000000070dc00000| PB 0x000000070dc00000| Untracked 
|  96|0x000000070de00000, 0x000000070de00000, 0x000000070e000000|  0%| F|  |TAMS 0x000000070de00000| PB 0x000000070de00000| Untracked 
|  97|0x000000070e000000, 0x000000070e000000, 0x000000070e200000|  0%| F|  |TAMS 0x000000070e000000| PB 0x000000070e000000| Untracked 
|  98|0x000000070e200000, 0x000000070e200000, 0x000000070e400000|  0%| F|  |TAMS 0x000000070e200000| PB 0x000000070e200000| Untracked 
|  99|0x000000070e400000, 0x000000070e400000, 0x000000070e600000|  0%| F|  |TAMS 0x000000070e400000| PB 0x000000070e400000| Untracked 
| 100|0x000000070e600000, 0x000000070e600000, 0x000000070e800000|  0%| F|  |TAMS 0x000000070e600000| PB 0x000000070e600000| Untracked 
| 101|0x000000070e800000, 0x000000070e800000, 0x000000070ea00000|  0%| F|  |TAMS 0x000000070e800000| PB 0x000000070e800000| Untracked 
| 102|0x000000070ea00000, 0x000000070ea00000, 0x000000070ec00000|  0%| F|  |TAMS 0x000000070ea00000| PB 0x000000070ea00000| Untracked 
| 103|0x000000070ec00000, 0x000000070ec00000, 0x000000070ee00000|  0%| F|  |TAMS 0x000000070ec00000| PB 0x000000070ec00000| Untracked 
| 104|0x000000070ee00000, 0x000000070ee00000, 0x000000070f000000|  0%| F|  |TAMS 0x000000070ee00000| PB 0x000000070ee00000| Untracked 
| 105|0x000000070f000000, 0x000000070f000000, 0x000000070f200000|  0%| F|  |TAMS 0x000000070f000000| PB 0x000000070f000000| Untracked 
| 106|0x000000070f200000, 0x000000070f200000, 0x000000070f400000|  0%| F|  |TAMS 0x000000070f200000| PB 0x000000070f200000| Untracked 
| 107|0x000000070f400000, 0x000000070f400000, 0x000000070f600000|  0%| F|  |TAMS 0x000000070f400000| PB 0x000000070f400000| Untracked 
| 108|0x000000070f600000, 0x000000070f600000, 0x000000070f800000|  0%| F|  |TAMS 0x000000070f600000| PB 0x000000070f600000| Untracked 
| 109|0x000000070f800000, 0x000000070f800000, 0x000000070fa00000|  0%| F|  |TAMS 0x000000070f800000| PB 0x000000070f800000| Untracked 
| 110|0x000000070fa00000, 0x000000070fa00000, 0x000000070fc00000|  0%| F|  |TAMS 0x000000070fa00000| PB 0x000000070fa00000| Untracked 
| 111|0x000000070fc00000, 0x000000070fc00000, 0x000000070fe00000|  0%| F|  |TAMS 0x000000070fc00000| PB 0x000000070fc00000| Untracked 
| 112|0x000000070fe00000, 0x000000070fe00000, 0x0000000710000000|  0%| F|  |TAMS 0x000000070fe00000| PB 0x000000070fe00000| Untracked 
| 113|0x0000000710000000, 0x0000000710000000, 0x0000000710200000|  0%| F|  |TAMS 0x0000000710000000| PB 0x0000000710000000| Untracked 
| 114|0x0000000710200000, 0x0000000710200000, 0x0000000710400000|  0%| F|  |TAMS 0x0000000710200000| PB 0x0000000710200000| Untracked 
| 115|0x0000000710400000, 0x0000000710400000, 0x0000000710600000|  0%| F|  |TAMS 0x0000000710400000| PB 0x0000000710400000| Untracked 
| 116|0x0000000710600000, 0x0000000710600000, 0x0000000710800000|  0%| F|  |TAMS 0x0000000710600000| PB 0x0000000710600000| Untracked 
| 117|0x0000000710800000, 0x0000000710800000, 0x0000000710a00000|  0%| F|  |TAMS 0x0000000710800000| PB 0x0000000710800000| Untracked 
| 118|0x0000000710a00000, 0x0000000710a00000, 0x0000000710c00000|  0%| F|  |TAMS 0x0000000710a00000| PB 0x0000000710a00000| Untracked 
| 119|0x0000000710c00000, 0x0000000710c00000, 0x0000000710e00000|  0%| F|  |TAMS 0x0000000710c00000| PB 0x0000000710c00000| Untracked 
| 120|0x0000000710e00000, 0x0000000710fe6da0, 0x0000000711000000| 95%| E|  |TAMS 0x0000000710e00000| PB 0x0000000710e00000| Complete 
| 121|0x0000000711000000, 0x0000000711200000, 0x0000000711200000|100%| E|CS|TAMS 0x0000000711000000| PB 0x0000000711000000| Complete 
| 122|0x0000000711200000, 0x0000000711400000, 0x0000000711400000|100%| E|CS|TAMS 0x0000000711200000| PB 0x0000000711200000| Complete 
| 123|0x0000000711400000, 0x0000000711600000, 0x0000000711600000|100%| E|CS|TAMS 0x0000000711400000| PB 0x0000000711400000| Complete 
| 124|0x0000000711600000, 0x0000000711800000, 0x0000000711800000|100%| E|  |TAMS 0x0000000711600000| PB 0x0000000711600000| Complete 
| 125|0x0000000711800000, 0x0000000711a00000, 0x0000000711a00000|100%| E|CS|TAMS 0x0000000711800000| PB 0x0000000711800000| Complete 
| 126|0x0000000711a00000, 0x0000000711c00000, 0x0000000711c00000|100%| E|CS|TAMS 0x0000000711a00000| PB 0x0000000711a00000| Complete 
| 127|0x0000000711c00000, 0x0000000711e00000, 0x0000000711e00000|100%| E|CS|TAMS 0x0000000711c00000| PB 0x0000000711c00000| Complete 

Card table byte_map: [0x000001927bb60000,0x000001927c360000] _byte_map_base: 0x0000019278351000

Marking Bits: (CMBitMap*) 0x000001926fe636f0
 Bits: [0x0000019200000000, 0x0000019203f88000)

Polling page: 0x000001926de00000

Metaspace:

Usage:
  Non-class:      3.07 MB used.
      Class:    400.77 KB used.
       Both:      3.47 MB used.

Virtual space:
  Non-class space:       64.00 MB reserved,       3.19 MB (  5%) committed,  1 nodes.
      Class space:        1.00 GB reserved,     448.00 KB ( <1%) committed,  1 nodes.
             Both:        1.06 GB reserved,       3.62 MB ( <1%) committed. 

Chunk freelists:
   Non-Class:  11.89 MB
       Class:  15.57 MB
        Both:  27.47 MB

MaxMetaspaceSize: unlimited
CompressedClassSpaceSize: 1.00 GB
Initial GC threshold: 21.00 MB
Current GC threshold: 21.00 MB
CDS: on
 - commit_granule_bytes: 65536.
 - commit_granule_words: 8192.
 - virtual_space_node_default_size: 8388608.
 - enlarge_chunks_in_place: 1.
 - use_allocation_guard: 0.


Internal statistics:

num_allocs_failed_limit: 0.
num_arena_births: 98.
num_arena_deaths: 0.
num_vsnodes_births: 2.
num_vsnodes_deaths: 0.
num_space_committed: 58.
num_space_uncommitted: 0.
num_chunks_returned_to_freelist: 0.
num_chunks_taken_from_freelist: 104.
num_chunk_merges: 0.
num_chunk_splits: 73.
num_chunks_enlarged: 44.
num_inconsistent_stats: 0.

CodeCache: size=49152Kb used=4095Kb max_used=4095Kb free=45056Kb
 bounds [0x0000019278250000, 0x0000019278650000, 0x000001927b250000]
 total_blobs=1331 nmethods=885 adapters=368
 compilation: disabled (not enough contiguous free space left)
              stopped_count=1, restarted_count=0
 full_count=3

Compilation events (20 events):
Event: 2.338 Thread 0x00000192491e9ac0 nmethod 827 0x000001927863ab90 code [0x000001927863ad80, 0x000001927863b070]
Event: 2.339 Thread 0x00000192494f6e70 nmethod 828 0x000001927863b290 code [0x000001927863b440, 0x000001927863b5f0]
Event: 2.340 Thread 0x000001927ee3e980  829       1       jdk.internal.util.xml.impl.Attrs::getLength (5 bytes)
Event: 2.340 Thread 0x000001927ee3e980 nmethod 829 0x000001927863b710 code [0x000001927863b8a0, 0x000001927863b968]
Event: 2.340 Thread 0x00000192494f6e70  830       1       jdk.jfr.internal.jfc.model.Constraint::type (5 bytes)
Event: 2.340 Thread 0x00000192491e9ac0  831       1       java.lang.Class::getReflectionFactory (28 bytes)
Event: 2.340 Thread 0x00000192494f6e70 nmethod 830 0x000001927863ba10 code [0x000001927863bba0, 0x000001927863bc70]
Event: 2.340 Thread 0x000001927ee3e980  832       1       jdk.internal.util.xml.impl.Parser::step (891 bytes)
Event: 2.341 Thread 0x00000192491e9ac0 nmethod 831 0x000001927863bd10 code [0x000001927863bec0, 0x000001927863c0b0]
Event: 2.341 Thread 0x00000192494f67c0  833       1       java.lang.String::regionMatches (150 bytes)
Event: 2.341 Thread 0x00000192494f67c0 nmethod 833 0x000001927863c190 code [0x000001927863c380, 0x000001927863c680]
Event: 2.341 Thread 0x00000192494f67c0  834       1       java.lang.StringLatin1::regionMatchesCI (45 bytes)
Event: 2.342 Thread 0x00000192494f67c0 nmethod 834 0x000001927863c810 code [0x000001927863c9c0, 0x000001927863cb78]
Event: 2.343 Thread 0x00000192494f67c0  835       1       jdk.internal.util.xml.impl.Parser::bcopy (41 bytes)
Event: 2.343 Thread 0x00000192491e9ac0  836       1       jdk.internal.util.xml.impl.Parser::pair (38 bytes)
Event: 2.343 Thread 0x00000192494f67c0 nmethod 835 0x000001927863cd10 code [0x000001927863cec0, 0x000001927863d0a0]
Event: 2.343 Thread 0x00000192491e9ac0 nmethod 836 0x000001927863d190 code [0x000001927863d340, 0x000001927863d560]
Event: 2.343 Thread 0x00000192494f6e70  838       1       jdk.internal.util.xml.impl.Parser::bname (354 bytes)
Event: 2.343 Thread 0x00000192491e9ac0  839       1       jdk.internal.util.xml.impl.Parser::del (40 bytes)
Event: 2.344 Thread 0x00000192491e9ac0 nmethod 839 0x000001927863da90 code [0x000001927863dc40, 0x000001927863deb8]

GC Heap History (0 events):
No events

Dll operation events (11 events):
Event: 0.015 Loaded shared library C:\Users\Admin\.jdks\openjdk-21.0.2\bin\java.dll
Event: 1.287 Loaded shared library C:\Users\Admin\.jdks\openjdk-21.0.2\bin\zip.dll
Event: 1.293 Loaded shared library C:\Users\Admin\.jdks\openjdk-21.0.2\bin\instrument.dll
Event: 1.303 Loaded shared library C:\Users\Admin\.jdks\openjdk-21.0.2\bin\net.dll
Event: 1.307 Loaded shared library C:\Users\Admin\.jdks\openjdk-21.0.2\bin\nio.dll
Event: 1.314 Loaded shared library C:\Users\Admin\.jdks\openjdk-21.0.2\bin\zip.dll
Event: 1.743 Loaded shared library C:\Users\Admin\.jdks\openjdk-21.0.2\bin\jimage.dll
Event: 1.797 Loaded shared library C:\Program Files\JetBrains\IntelliJ IDEA 2021.1.3\bin\breakgen64.dll
Event: 1.842 Loaded shared library C:\Users\Admin\.jdks\openjdk-21.0.2\bin\extnet.dll
Event: 1.915 Loaded shared library C:\Users\Admin\.jdks\openjdk-21.0.2\bin\management.dll
Event: 1.937 Loaded shared library C:\Users\Admin\.jdks\openjdk-21.0.2\bin\management_ext.dll

Deoptimization events (0 events):
No events

Classes loaded (20 events):
Event: 2.328 Loading class jdk/internal/org/xml/sax/InputSource
Event: 2.328 Loading class jdk/internal/org/xml/sax/InputSource done
Event: 2.328 Loading class jdk/internal/util/xml/impl/Input
Event: 2.328 Loading class jdk/internal/util/xml/impl/Input done
Event: 2.329 Loading class jdk/jfr/internal/jfc/model/XmlConfiguration
Event: 2.329 Loading class jdk/jfr/internal/jfc/model/XmlElement
Event: 2.329 Loading class jdk/jfr/internal/jfc/model/XmlElement done
Event: 2.329 Loading class jdk/jfr/internal/jfc/model/XmlConfiguration done
Event: 2.330 Loading class jdk/jfr/internal/jfc/model/Utilities
Event: 2.330 Loading class jdk/jfr/internal/jfc/model/Utilities done
Event: 2.330 Loading class jdk/jfr/internal/jfc/model/XmlEvent
Event: 2.330 Loading class jdk/jfr/internal/jfc/model/XmlEvent done
Event: 2.330 Loading class jdk/jfr/internal/jfc/model/Constraint
Event: 2.331 Loading class jdk/jfr/internal/jfc/model/Constraint done
Event: 2.331 Loading class jdk/jfr/internal/jfc/model/XmlControl
Event: 2.331 Loading class jdk/jfr/internal/jfc/model/XmlControl done
Event: 2.331 Loading class jdk/jfr/internal/jfc/model/XmlSetting
Event: 2.332 Loading class jdk/jfr/internal/jfc/model/XmlSetting done
Event: 2.332 Loading class jdk/jfr/internal/jfc/model/SettingsLog
Event: 2.332 Loading class jdk/jfr/internal/jfc/model/SettingsLog done

Classes unloaded (0 events):
No events

Classes redefined (0 events):
No events

Internal exceptions (9 events):
Event: 1.751 Thread 0x000001926fdfa240 Exception <a 'java/lang/NoSuchMethodError'{0x0000000711571e18}: 'void java.lang.invoke.DirectMethodHandle$Holder.invokeStatic(java.lang.Object, java.lang.Object, java.lang.Object)'> (0x0000000711571e18) 
thrown [s\open\src\hotspot\share\interpreter\linkResolver.cpp, line 773]
Event: 1.762 Thread 0x000001926fdfa240 Exception <a 'java/lang/NoSuchMethodError'{0x0000000711589320}: 'java.lang.Object java.lang.invoke.Invokers$Holder.invokeExact_MT(java.lang.Object, java.lang.Object, java.lang.Object, java.lang.Object, java.lang.Object)'> (0x0000000711589320) 
thrown [s\open\src\hotspot\share\interpreter\linkResolver.cpp, line 773]
Event: 1.782 Thread 0x000001927ee34a50 Exception <a 'java/lang/NoSuchMethodError'{0x000000071122f2f8}: 'java.lang.Object java.lang.invoke.DirectMethodHandle$Holder.invokeStaticInit(java.lang.Object, int)'> (0x000000071122f2f8) 
thrown [s\open\src\hotspot\share\interpreter\linkResolver.cpp, line 773]
Event: 1.802 Thread 0x000001927ee34a50 Exception <a 'java/lang/NoSuchMethodError'{0x00000007112e68e8}: 'java.lang.Object java.lang.invoke.Invokers$Holder.invokeExact_MT(java.lang.Object, java.lang.Object, java.lang.Object, java.lang.Object, java.lang.Object, java.lang.Object)'> (0x00000007112e68e8) 
thrown [s\open\src\hotspot\share\interpreter\linkResolver.cpp, line 773]
Event: 1.845 Thread 0x000001924971a2c0 Exception <a 'java/lang/NoSuchMethodError'{0x000000071135a8e0}: 'void java.lang.invoke.DirectMethodHandle$Holder.invokeStatic(java.lang.Object, java.lang.Object)'> (0x000000071135a8e0) 
thrown [s\open\src\hotspot\share\interpreter\linkResolver.cpp, line 773]
Event: 1.943 Thread 0x000001926fdfa240 Exception <a 'java/lang/NoSuchMethodError'{0x00000007112ab6e8}: 'int java.lang.invoke.DirectMethodHandle$Holder.invokeInterface(java.lang.Object, java.lang.Object)'> (0x00000007112ab6e8) 
thrown [s\open\src\hotspot\share\interpreter\linkResolver.cpp, line 773]
Event: 1.943 Thread 0x000001926fdfa240 Exception <a 'java/lang/IncompatibleClassChangeError'{0x00000007112ae8e8}: Found class java.lang.Object, but interface was expected> (0x00000007112ae8e8) 
thrown [s\open\src\hotspot\share\interpreter\linkResolver.cpp, line 840]
Event: 2.051 Thread 0x000001926fdfa240 Exception <a 'java/lang/NoSuchMethodError'{0x0000000711092b20}: 'int java.lang.invoke.DirectMethodHandle$Holder.invokeSpecial(java.lang.Object, java.lang.Object, java.lang.Object)'> (0x0000000711092b20) 
thrown [s\open\src\hotspot\share\interpreter\linkResolver.cpp, line 773]
Event: 2.215 Thread 0x000001926fdfa240 Exception <a 'java/lang/NoSuchMethodError'{0x00000007111d7830}: 'java.lang.Object java.lang.invoke.DirectMethodHandle$Holder.invokeStaticInit(java.lang.Object, java.lang.Object, java.lang.Object)'> (0x00000007111d7830) 
thrown [s\open\src\hotspot\share\interpreter\linkResolver.cpp, line 773]

ZGC Phase Switch (0 events):
No events

VM Operations (8 events):
Event: 1.265 Executing VM operation: HandshakeAllThreads (Deoptimize)
Event: 1.265 Executing VM operation: HandshakeAllThreads (Deoptimize) done
Event: 1.762 Executing VM operation: HandshakeAllThreads (Deoptimize)
Event: 1.763 Executing VM operation: HandshakeAllThreads (Deoptimize) done
Event: 1.926 Executing VM operation: HandshakeAllThreads (Deoptimize)
Event: 1.926 Executing VM operation: HandshakeAllThreads (Deoptimize) done
Event: 1.952 Executing VM operation: HandshakeAllThreads (Deoptimize)
Event: 1.952 Executing VM operation: HandshakeAllThreads (Deoptimize) done

Events (14 events):
Event: 1.033 Thread 0x000001926fdfa240 Thread added: 0x000001926fdfa240
Event: 1.065 Thread 0x000001927ee2dca0 Thread added: 0x000001927ee2dca0
Event: 1.065 Thread 0x000001927ee2fbd0 Thread added: 0x000001927ee2fbd0
Event: 1.065 Thread 0x000001927ee30af0 Thread added: 0x000001927ee30af0
Event: 1.065 Thread 0x000001927ee34a50 Thread added: 0x000001927ee34a50
Event: 1.065 Thread 0x000001927ee354b0 Thread added: 0x000001927ee354b0
Event: 1.065 Thread 0x000001927ee35f10 Thread added: 0x000001927ee35f10
Event: 1.066 Thread 0x000001927ee3e980 Thread added: 0x000001927ee3e980
Event: 1.251 Thread 0x00000192491e3430 Thread added: 0x00000192491e3430
Event: 1.264 Thread 0x00000192491e9ac0 Thread added: 0x00000192491e9ac0
Event: 1.712 Thread 0x00000192494f67c0 Thread added: 0x00000192494f67c0
Event: 1.712 Thread 0x00000192494f6e70 Thread added: 0x00000192494f6e70
Event: 1.822 Thread 0x000001924971a2c0 Thread added: 0x000001924971a2c0
Event: 1.822 Thread 0x000001924971a930 Thread added: 0x000001924971a930


Dynamic libraries:
0x00007ff786500000 - 0x00007ff78650e000 	C:\Users\Admin\.jdks\openjdk-21.0.2\bin\java.exe
0x00007ffa943d0000 - 0x00007ffa945c8000 	C:\Windows\SYSTEM32\ntdll.dll
0x00007ffa93620000 - 0x00007ffa936dd000 	C:\Windows\System32\KERNEL32.DLL
0x00007ffa92070000 - 0x00007ffa92366000 	C:\Windows\System32\KERNELBASE.dll
0x00007ffa91cc0000 - 0x00007ffa91dc0000 	C:\Windows\System32\ucrtbase.dll
0x00007ffa60e10000 - 0x00007ffa60e28000 	C:\Users\Admin\.jdks\openjdk-21.0.2\bin\jli.dll
0x00007ffa92400000 - 0x00007ffa9259f000 	C:\Windows\System32\USER32.dll
0x00007ffa61120000 - 0x00007ffa6113b000 	C:\Users\Admin\.jdks\openjdk-21.0.2\bin\VCRUNTIME140.dll
0x00007ffa91fd0000 - 0x00007ffa91ff2000 	C:\Windows\System32\win32u.dll
0x00007ffa93000000 - 0x00007ffa9302b000 	C:\Windows\System32\GDI32.dll
0x00007ffa91ba0000 - 0x00007ffa91cb7000 	C:\Windows\System32\gdi32full.dll
0x00007ffa7c520000 - 0x00007ffa7c7ba000 	C:\Windows\WinSxS\amd64_microsoft.windows.common-controls_6595b64144ccf1df_6.0.19041.4355_none_60b8b9eb71f62e16\COMCTL32.dll
0x00007ffa91a80000 - 0x00007ffa91b1d000 	C:\Windows\System32\msvcp_win.dll
0x00007ffa936e0000 - 0x00007ffa9377e000 	C:\Windows\System32\msvcrt.dll
0x00007ffa93390000 - 0x00007ffa933c2000 	C:\Windows\System32\IMM32.DLL
0x00007ffa735b0000 - 0x00007ffa735bc000 	C:\Users\Admin\.jdks\openjdk-21.0.2\bin\vcruntime140_1.dll
0x00007ffa5f7b0000 - 0x00007ffa5f83e000 	C:\Users\Admin\.jdks\openjdk-21.0.2\bin\msvcp140.dll
0x00007ffa54980000 - 0x00007ffa55697000 	C:\Users\Admin\.jdks\openjdk-21.0.2\bin\server\jvm.dll
0x00007ffa93780000 - 0x00007ffa93830000 	C:\Windows\System32\ADVAPI32.dll
0x00007ffa93510000 - 0x00007ffa935b0000 	C:\Windows\System32\sechost.dll
0x00007ffa92ce0000 - 0x00007ffa92e03000 	C:\Windows\System32\RPCRT4.dll
0x00007ffa91b70000 - 0x00007ffa91b97000 	C:\Windows\System32\bcrypt.dll
0x00007ffa935b0000 - 0x00007ffa9361b000 	C:\Windows\System32\WS2_32.dll
0x00007ffa90fb0000 - 0x00007ffa90ffb000 	C:\Windows\SYSTEM32\POWRPROF.dll
0x00007ffa7c2d0000 - 0x00007ffa7c2f7000 	C:\Windows\SYSTEM32\WINMM.dll
0x00007ffa87e60000 - 0x00007ffa87e6a000 	C:\Windows\SYSTEM32\VERSION.dll
0x00007ffa90e70000 - 0x00007ffa90e82000 	C:\Windows\SYSTEM32\UMPDC.dll
0x00007ffa90290000 - 0x00007ffa902a2000 	C:\Windows\SYSTEM32\kernel.appcore.dll
0x00007ffa72000000 - 0x00007ffa7200a000 	C:\Users\Admin\.jdks\openjdk-21.0.2\bin\jimage.dll
0x00007ffa8f6a0000 - 0x00007ffa8f884000 	C:\Windows\SYSTEM32\DBGHELP.DLL
0x00007ffa89000000 - 0x00007ffa89034000 	C:\Windows\SYSTEM32\dbgcore.DLL
0x00007ffa92370000 - 0x00007ffa923f2000 	C:\Windows\System32\bcryptPrimitives.dll
0x00007ffa71a40000 - 0x00007ffa71a4f000 	C:\Users\Admin\.jdks\openjdk-21.0.2\bin\instrument.dll
0x00007ffa60c00000 - 0x00007ffa60c1f000 	C:\Users\Admin\.jdks\openjdk-21.0.2\bin\java.dll
0x00007ffa93830000 - 0x00007ffa93f9b000 	C:\Windows\System32\SHELL32.dll
0x00007ffa8fae0000 - 0x00007ffa9027d000 	C:\Windows\SYSTEM32\windows.storage.dll
0x00007ffa93030000 - 0x00007ffa93383000 	C:\Windows\System32\combase.dll
0x00007ffa914a0000 - 0x00007ffa914ce000 	C:\Windows\SYSTEM32\Wldp.dll
0x00007ffa92e10000 - 0x00007ffa92edd000 	C:\Windows\System32\OLEAUT32.dll
0x00007ffa92a30000 - 0x00007ffa92add000 	C:\Windows\System32\SHCORE.dll
0x00007ffa92f40000 - 0x00007ffa92f95000 	C:\Windows\System32\shlwapi.dll
0x00007ffa919b0000 - 0x00007ffa919d4000 	C:\Windows\SYSTEM32\profapi.dll
0x00007ffa60c30000 - 0x00007ffa60c48000 	C:\Users\Admin\.jdks\openjdk-21.0.2\bin\zip.dll
0x00007ffa71f90000 - 0x00007ffa71fa0000 	C:\Users\Admin\.jdks\openjdk-21.0.2\bin\net.dll
0x00007ffa885b0000 - 0x00007ffa886ba000 	C:\Windows\SYSTEM32\WINHTTP.dll
0x00007ffa91200000 - 0x00007ffa9126a000 	C:\Windows\system32\mswsock.dll
0x00007ffa60c50000 - 0x00007ffa60c66000 	C:\Users\Admin\.jdks\openjdk-21.0.2\bin\nio.dll
0x00007ffa60b80000 - 0x00007ffa60b9a000 	C:\Program Files\JetBrains\IntelliJ IDEA 2021.1.3\bin\breakgen64.dll
0x00007ffa60ee0000 - 0x00007ffa60ee9000 	C:\Users\Admin\.jdks\openjdk-21.0.2\bin\extnet.dll
0x00007ffa90ed0000 - 0x00007ffa90f9b000 	C:\Windows\SYSTEM32\DNSAPI.dll
0x00007ffa90e90000 - 0x00007ffa90ecb000 	C:\Windows\SYSTEM32\IPHLPAPI.DLL
0x00007ffa92cd0000 - 0x00007ffa92cd8000 	C:\Windows\System32\NSI.dll
0x00007ffa87ba0000 - 0x00007ffa87baa000 	C:\Windows\System32\rasadhlp.dll
0x00007ffa874b0000 - 0x00007ffa87530000 	C:\Windows\System32\fwpuclnt.dll
0x00007ffa70b90000 - 0x00007ffa70b9a000 	C:\Users\Admin\.jdks\openjdk-21.0.2\bin\management.dll
0x00007ffa65e40000 - 0x00007ffa65e4b000 	C:\Users\Admin\.jdks\openjdk-21.0.2\bin\management_ext.dll
0x00007ffa93500000 - 0x00007ffa93508000 	C:\Windows\System32\PSAPI.DLL

dbghelp: loaded successfully - version: 4.0.5 - missing functions: none
symbol engine: initialized successfully - sym options: 0x614 - pdb path: .;C:\Users\Admin\.jdks\openjdk-21.0.2\bin;C:\Windows\SYSTEM32;C:\Windows\WinSxS\amd64_microsoft.windows.common-controls_6595b64144ccf1df_6.0.19041.4355_none_60b8b9eb71f62e16;C:\Users\Admin\.jdks\openjdk-21.0.2\bin\server;C:\Program Files\JetBrains\IntelliJ IDEA 2021.1.3\bin

VM Arguments:
jvm_args: -XX:TieredStopAtLevel=1 -Xverify:none -Dspring.output.ansi.enabled=always -javaagent:C:\Program Files\JetBrains\IntelliJ IDEA 2021.1.3\lib\idea_rt.jar=51630:C:\Program Files\JetBrains\IntelliJ IDEA 2021.1.3\bin -Dcom.sun.management.jmxremote -Dspring.jmx.enabled=true -Dspring.liveBeansView.mbeanDomain -Dspring.application.admin.enabled=true -Dfile.encoding=UTF-8 
java_command: com.qlktx.qlktx.QlktxApplication
java_class_path (initial): D:\java\qlktx\target\classes;C:\Users\Admin\.m2\repository\org\springframework\boot\spring-boot-starter-mail\3.2.3\spring-boot-starter-mail-3.2.3.jar;C:\Users\Admin\.m2\repository\org\springframework\boot\spring-boot-starter\3.2.3\spring-boot-starter-3.2.3.jar;C:\Users\Admin\.m2\repository\org\springframework\boot\spring-boot-starter-logging\3.2.3\spring-boot-starter-logging-3.2.3.jar;C:\Users\Admin\.m2\repository\ch\qos\logback\logback-classic\1.4.14\logback-classic-1.4.14.jar;C:\Users\Admin\.m2\repository\ch\qos\logback\logback-core\1.4.14\logback-core-1.4.14.jar;C:\Users\Admin\.m2\repository\org\apache\logging\log4j\log4j-to-slf4j\2.21.1\log4j-to-slf4j-2.21.1.jar;C:\Users\Admin\.m2\repository\org\apache\logging\log4j\log4j-api\2.21.1\log4j-api-2.21.1.jar;C:\Users\Admin\.m2\repository\org\slf4j\jul-to-slf4j\2.0.12\jul-to-slf4j-2.0.12.jar;C:\Users\Admin\.m2\repository\jakarta\annotation\jakarta.annotation-api\2.1.1\jakarta.annotation-api-2.1.1.jar;C:\Users\Admin\.m2\repository\org\yaml\snakeyaml\2.2\snakeyaml-2.2.jar;C:\Users\Admin\.m2\repository\org\springframework\spring-context-support\6.1.4\spring-context-support-6.1.4.jar;C:\Users\Admin\.m2\repository\org\springframework\spring-beans\6.1.4\spring-beans-6.1.4.jar;C:\Users\Admin\.m2\repository\org\springframework\spring-context\6.1.4\spring-context-6.1.4.jar;C:\Users\Admin\.m2\repository\org\eclipse\angus\jakarta.mail\2.0.2\jakarta.mail-2.0.2.jar;C:\Users\Admin\.m2\repository\jakarta\activation\jakarta.activation-api\2.1.2\jakarta.activation-api-2.1.2.jar;C:\Users\Admin\.m2\repository\org\eclipse\angus\angus-activation\2.0.1\angus-activation-2.0.1.jar;C:\Users\Admin\.m2\repository\org\springframework\boot\spring-boot-starter-web\3.2.3\spring-boot-starter-web-3.2.3.jar;C:\Users\Admin\.m2\repository\org\springframework\boot\spring-boot-starter-json\3.2.3\spring-boot-starter-json-3.2.3.jar;C:\Users\Admin\.m2\repository\com\fasterxml\jackson\datatype\jackson-datatype-jdk8\2.15.4\jackson-datatype-jdk8-2.15.4.jar;C:\Users\Admin\.m2\repository\com\fasterxml\jackson\datatype\jackson-datatype-jsr310\2.15.4\jackson-datatype-jsr310-2.15.4.jar;C:\Users\Admin\.m2\repository\com\fasterxml\jackson\module\jackson-module-parameter-names\2.15.4\jackson-module-parameter-names-2.15.4.jar;C:\Users\Admin\.m2\repository\org\springframework\boot\spring-boot-starter-tomcat\3.2.3\spring-boot-starter-tomcat-3.2.3.jar;C:\Users\Admin\.m2\repository\org\apache\tomcat\embed\tomcat-embed-core\10.1.19\tomcat-embed-core-10.1.19.jar;C:\Users\Admin\.m2\repository\org\apache\tomcat\embed\tomcat-embed-websocket\10.1.19\tomcat-embed-websocket-10.1.19.jar;C:\Users\Admin\.m2\repository\org\springframework\spring-web\6.1.4\spring-web-6.1.4.jar;C:\Users\Admin\.m2\repository\io\micrometer\micrometer-observation\1.12.3\micrometer-observation-1.12.3.jar;C:\Users\Admin\.m2\repository\io\micrometer\micrometer-commons\1.12.3\micrometer-commons-1.12.3.jar;C:\Users\Admin\.m2\repository\org\springframework\spring-webmvc\6.1.4\spring-webmvc-6.1.4.jar;C:\Users\Admin\.m2\repository\org\springframework\spring-expression\6.1.4\spring-expression-6.1.4.jar;C:\Users\Admin\.m2\repository\org\springframework\boot\spring-boot-starter-data-jpa\3.2.3\spring-boot-starter-data-jpa-3.2.3.jar;C:\Users\Admin\.m2\repository\org\springframework\boot\spring-boot-starter-aop\3.2.3\spring-boot-starter-aop-3.2.3.jar;C:\Users\Admin\.m2\repository\org\aspectj\aspectjweaver\1.9.21\aspectjweaver-1.9.21.jar;C:\Users\Admin\.m2\repository\org\springframework\boot\spring-boot-starter-jdbc\3.2.3\spring-boot-starter-jdbc-3.2.3.jar;C:\Users\Admin\.m2\repository\com\zaxxer\HikariCP\5.0.1\HikariCP-5.0.1.jar;C:\Users\Admin\.m2\repository\org\springframework\spring-jdbc\6.1.4\spring-jdbc-6.1.4.jar;C:\Users\Admin\.m2\repository\org\hibernate\orm\hibernate-core\6.4.4.Final\hibernate-core-6.4.4.Final.jar;C:\Users\Admin\.m2\repository\jakarta\persistence\jakarta.persistence-api\3.1.0\jakarta.persistence-api-3.1.0.jar;C:\Users\Admin\.m2\repository\jakarta\transaction\jakarta.transaction-api\2.0.1\jakarta.transaction-api-2.0.1.jar;C:\Users\Admin\.m2\repository\org\jboss\logging\jboss-logging\3.5.3.Final\jboss-logging-3.5.3.Final.jar;C:\Users\Admin\.m2\repository\org\hibernate\common\hibernate-commons-annotations\6.0.6.Final\hibernate-commons-annotations-6.0.6.Final.jar;C:\Users\Admin\.m2\repository\io\smallrye\jandex\3.1.2\jandex-3.1.2.jar;C:\Users\Admin\.m2\repository\com\fasterxml\classmate\1.6.0\classmate-1.6.0.jar;C:\Users\Admin\.m2\repository\net\bytebuddy\byte-buddy\1.14.12\byte-buddy-1.14.12.jar;C:\Users\Admin\.m2\repository\org\glassfish\jaxb\jaxb-runtime\4.0.4\jaxb-runtime-4.0.4.jar;C:\Users\Admin\.m2\repository\org\glassfish\jaxb\jaxb-core\4.0.4\jaxb-core-4.0.4.jar;C:\Users\Admin\.m2\repository\org\glassfish\jaxb\txw2\4.0.4\txw2-4.0.4.jar;C:\Users\Admin\.m2\repository\com\sun\istack\istack-commons-runtime\4.1.2\istack-commons-runtime-4.1.2.jar;C:\Users\Admin\.m2\repository\jakarta\inject\jakarta.inject-api\2.0.1\jakarta.inject-api-2.0.1.jar;C:\Users\Admin\.m2\repository\org\antlr\antlr4-runtime\4.13.0\antlr4-runtime-4.13.0.jar;C:\Users\Admin\.m2\repository\org\springframework\data\spring-data-jpa\3.2.3\spring-data-jpa-3.2.3.jar;C:\Users\Admin\.m2\repository\org\springframework\data\spring-data-commons\3.2.3\spring-data-commons-3.2.3.jar;C:\Users\Admin\.m2\repository\org\springframework\spring-orm\6.1.4\spring-orm-6.1.4.jar;C:\Users\Admin\.m2\repository\org\springframework\spring-tx\6.1.4\spring-tx-6.1.4.jar;C:\Users\Admin\.m2\repository\org\slf4j\slf4j-api\2.0.12\slf4j-api-2.0.12.jar;C:\Users\Admin\.m2\repository\org\springframework\spring-aspects\6.1.4\spring-aspects-6.1.4.jar;C:\Users\Admin\.m2\repository\org\springframework\boot\spring-boot-starter-validation\3.2.3\spring-boot-starter-validation-3.2.3.jar;C:\Users\Admin\.m2\repository\org\apache\tomcat\embed\tomcat-embed-el\10.1.19\tomcat-embed-el-10.1.19.jar;C:\Users\Admin\.m2\repository\org\hibernate\validator\hibernate-validator\8.0.1.Final\hibernate-validator-8.0.1.Final.jar;C:\Users\Admin\.m2\repository\jakarta\validation\jakarta.validation-api\3.0.2\jakarta.validation-api-3.0.2.jar;C:\Users\Admin\.m2\repository\org\springframework\boot\spring-boot-devtools\3.2.3\spring-boot-devtools-3.2.3.jar;C:\Users\Admin\.m2\repository\org\springframework\boot\spring-boot\3.2.3\spring-boot-3.2.3.jar;C:\Users\Admin\.m2\repository\org\springframework\boot\spring-boot-autoconfigure\3.2.3\spring-boot-autoconfigure-3.2.3.jar;C:\Users\Admin\.m2\repository\com\mysql\mysql-connector-j\8.3.0\mysql-connector-j-8.3.0.jar;C:\Users\Admin\.m2\repository\jakarta\xml\bind\jakarta.xml.bind-api\4.0.1\jakarta.xml.bind-api-4.0.1.jar;C:\Users\Admin\.m2\repository\org\springframework\spring-core\6.1.4\spring-core-6.1.4.jar;C:\Users\Admin\.m2\repository\org\springframework\spring-jcl\6.1.4\spring-jcl-6.1.4.jar;C:\Users\Admin\.m2\repository\org\modelmapper\modelmapper\3.1.1\modelmapper-3.1.1.jar;C:\Users\Admin\.m2\repository\org\projectlombok\lombok\1.18.30\lombok-1.18.30.jar;C:\Users\Admin\.m2\repository\org\springframework\boot\spring-boot-starter-thymeleaf\3.2.3\spring-boot-starter-thymeleaf-3.2.3.jar;C:\Users\Admin\.m2\repository\org\thymeleaf\thymeleaf-spring6\3.1.2.RELEASE\thymeleaf-spring6-3.1.2.RELEASE.jar;C:\Users\Admin\.m2\repository\org\thymeleaf\thymeleaf\3.1.2.RELEASE\thymeleaf-3.1.2.RELEASE.jar;C:\Users\Admin\.m2\repository\org\attoparser\attoparser\2.0.7.RELEASE\attoparser-2.0.7.RELEASE.jar;C:\Users\Admin\.m2\repository\org\unbescape\unbescape\1.1.6.RELEASE\unbescape-1.1.6.RELEASE.jar;C:\Users\Admin\.m2\repository\org\springframework\boot\spring-boot-starter-security\3.2.3\spring-boot-starter-security-3.2.3.jar;C:\Users\Admin\.m2\repository\org\springframework\spring-aop\6.1.4\spring-aop-6.1.4.jar;C:\Users\Admin\.m2\repository\org\springframework\security\spring-security-config\6.2.2\spring-security-config-6.2.2.jar;C:\Users\Admin\.m2\repository\org\springframework\security\spring-security-core\6.2.2\spring-security-core-6.2.2.jar;C:\Users\Admin\.m2\repository\org\springframework\security\spring-security-crypto\6.2.2\spring-security-crypto-6.2.2.jar;C:\Users\Admin\.m2\repository\org\springframework\security\spring-security-web\6.2.2\spring-security-web-6.2.2.jar;C:\Users\Admin\.m2\repository\io\jsonwebtoken\jjwt\0.9.1\jjwt-0.9.1.jar;C:\Users\Admin\.m2\repository\io\swagger\swagger-annotations\1.5.20\swagger-annotations-1.5.20.jar;C:\Users\Admin\.m2\repository\org\mapstruct\mapstruct\1.5.5.Final\mapstruct-1.5.5.Final.jar;C:\Users\Admin\.m2\repository\com\fasterxml\jackson\core\jackson-databind\2.16.1\jackson-databind-2.16.1.jar;C:\Users\Admin\.m2\repository\com\fasterxml\jackson\core\jackson-annotations\2.15.4\jackson-annotations-2.15.4.jar;C:\Users\Admin\.m2\repository\com\fasterxml\jackson\core\jackson-core\2.15.4\jackson-core-2.15.4.jar
Launcher Type: SUN_STANDARD

[Global flags]
     intx CICompilerCount                          = 4                                         {product} {ergonomic}
     uint ConcGCThreads                            = 2                                         {product} {ergonomic}
     uint G1ConcRefinementThreads                  = 8                                         {product} {ergonomic}
   size_t G1HeapRegionSize                         = 2097152                                   {product} {ergonomic}
    uintx GCDrainStackTargetSize                   = 64                                        {product} {ergonomic}
   size_t InitialHeapSize                          = 268435456                                 {product} {ergonomic}
     bool ManagementServer                         = true                                      {product} {command line}
   size_t MarkStackSize                            = 4194304                                   {product} {ergonomic}
   size_t MaxHeapSize                              = 4263510016                                {product} {ergonomic}
   size_t MaxNewSize                               = 2556428288                                {product} {ergonomic}
   size_t MinHeapDeltaBytes                        = 2097152                                   {product} {ergonomic}
   size_t MinHeapSize                              = 8388608                                   {product} {ergonomic}
    uintx NonNMethodCodeHeapSize                   = 4096                                   {pd product} {ergonomic}
    uintx NonProfiledCodeHeapSize                  = 0                                      {pd product} {ergonomic}
     bool ProfileInterpreter                       = false                                  {pd product} {command line}
    uintx ProfiledCodeHeapSize                     = 0                                      {pd product} {ergonomic}
   size_t SoftMaxHeapSize                          = 4263510016                             {manageable} {ergonomic}
     intx TieredStopAtLevel                        = 1                                         {product} {command line}
     bool UseCompressedOops                        = true                           {product lp64_product} {ergonomic}
     bool UseG1GC                                  = true                                      {product} {ergonomic}
     bool UseLargePagesIndividualAllocation        = false                                  {pd product} {ergonomic}

Logging:
Log output configuration:
 #0: stdout all=warning uptime,level,tags foldmultilines=false
 #1: stderr all=off uptime,level,tags foldmultilines=false

Environment Variables:
JAVA_HOME=C:\Program Files\Java\jdk-11
PATH=C:\Program Files\Common Files\Oracle\Java\javapath;C:\Windows\system32;C:\Windows;C:\Windows\System32\Wbem;C:\Windows\System32\WindowsPowerShell\v1.0\;C:\Windows\System32\OpenSSH\;C:\Program Files (x86)\Microsoft SQL Server\160\Tools\Binn\;C:\Program Files\Microsoft SQL Server\160\Tools\Binn\;C:\Program Files\Microsoft SQL Server\Client SDK\ODBC\170\Tools\Binn\;C:\Program Files\Microsoft SQL Server\160\DTS\Binn\;C:\Program Files (x86)\Microsoft SQL Server\160\DTS\Binn\;C:\Program Files\Intel\WiFi\bin\;C:\Program Files\Common Files\Intel\WirelessCommon\;C:\Program Files\Azure Data Studio\bin;C:\Program Files\Microsoft SQL Server\150\Tools\Binn\;C:\Program Files\dotnet\;C:\Program Files\Git\cmd;C:\Users\Admin\AppData\Roaming\nvm;C:\Program Files\nodejs;C:\Program Files\nodejs\;C:\Program Files\Java\jdk-11\bin;C:\Program Files\MySQL\MySQL Server 8.0\bin;C:\Users\Admin\AppData\Local\Programs\Python\Python39\Scripts\;C:\Users\Admin\AppData\Local\Programs\Python\Python39\;C:\Program Files\MySQL\MySQL Shell 8.0\bin\;C:\Users\Admin\AppData\Local\Microsoft\WindowsApps;C:\Program Files\Azure Data Studio\bin;C:\Users\Admin\AppData\Local\Programs\Microsoft VS Code\bin;C:\Users\Admin\.dotnet\tools;C:\Users\Admin\AppData\Roaming\nvm;C:\Program Files\nodejs;C:\Users\Admin\AppData\Roaming\npm;C:\Program Files\JetBrains\IntelliJ IDEA 2021.1.3\bin;D:\java\apache-maven-3.9.6\bin;;D:\java\apache-maven-3.9.6\bin;
USERNAME=Admin
OS=Windows_NT
PROCESSOR_IDENTIFIER=Intel64 Family 6 Model 142 Stepping 10, GenuineIntel
TMP=C:\Users\Admin\AppData\Local\Temp
TEMP=C:\Users\Admin\AppData\Local\Temp




Periodic native trim disabled

---------------  S Y S T E M  ---------------

OS:
 Windows 10 , 64 bit Build 19041 (10.0.19041.3636)
OS uptime: 7 days 22:00 hours

CPU: total 8 (initial active 8) (4 cores per cpu, 2 threads per core) family 6 model 142 stepping 10 microcode 0xea, cx8, cmov, fxsr, ht, mmx, 3dnowpref, sse, sse2, sse3, ssse3, sse4.1, sse4.2, popcnt, lzcnt, tsc, tscinvbit, avx, avx2, aes, erms, clmul, bmi1, bmi2, rtm, adx, fma, vzeroupper, clflush, clflushopt, rdtscp, f16c
Processor Information for all 8 processors :
  Max Mhz: 1896, Current Mhz: 1696, Mhz Limit: 1687

Memory: 4k page, system-wide physical 16258M (2380M free)
TotalPageFile size 31339M (AvailPageFile size 2M)
current process WorkingSet (physical memory assigned to process): 56M, peak: 56M
current process commit charge ("private bytes"): 346M, peak: 346M

vm_info: OpenJDK 64-Bit Server VM (21.0.2+13-58) for windows-amd64 JRE (21.0.2+13-58), built on 2024-01-05T18:32:24Z by "mach5one" with MS VC++ 17.1 (VS2022)

END.
